Assuming unrestricted shared filesystem usage.
None
host: CARLOSs-MacBook-Pro.local
Building DAG of jobs...
Using shell: /bin/bash
Provided cores: 4
Rules claiming more threads will be scaled down.
Job stats:
job             count
------------  -------
all                 1
python_write        1
shell_write         1
total               3

Select jobs to execute...
Execute 2 jobs...
[Thu Jul 17 13:51:43 2025]
localrule shell_write:
    output: s2_shell.txt
    jobid: 1
    reason: Missing output files: s2_shell.txt
    resources: tmpdir=/var/folders/q3/5zmml3z16g93bd3gdlq6bftm0000gp/T
[Thu Jul 17 13:51:43 2025]
localrule python_write:
    output: s2_python.txt
    jobid: 2
    reason: Missing output files: s2_python.txt
    resources: tmpdir=/var/folders/q3/5zmml3z16g93bd3gdlq6bftm0000gp/T
[Thu Jul 17 13:51:43 2025]
Finished jobid: 1 (Rule: shell_write)
1 of 3 steps (33%) done
[Thu Jul 17 13:51:45 2025]
Finished jobid: 2 (Rule: python_write)
2 of 3 steps (67%) done
Select jobs to execute...
Execute 1 jobs...
[Thu Jul 17 13:51:45 2025]
localrule all:
    input: s2_shell.txt, s2_python.txt
    jobid: 0
    reason: Input files updated by another job: s2_python.txt, s2_shell.txt
    resources: tmpdir=/var/folders/q3/5zmml3z16g93bd3gdlq6bftm0000gp/T
[Thu Jul 17 13:51:45 2025]
Finished jobid: 0 (Rule: all)
3 of 3 steps (100%) done
Complete log(s): /Users/russell/Code/snakehive/russell/.snakemake/log/2025-07-17T135143.252161.snakemake.log
