Assuming unrestricted shared filesystem usage.
None
host: CARLOSs-MacBook-Pro.local
Building DAG of jobs...
Using shell: /bin/bash
Provided cores: 1 (use --cores to define parallelism)
Rules claiming more threads will be scaled down.
Job stats:
job      count
-----  -------
all          1
mkdir        1
touch        1
total        3

Select jobs to execute...
Execute 1 jobs...
[Thu Jul 17 12:30:01 2025]
localrule touch:
    output: s1_file.txt
    jobid: 1
    reason: Missing output files: s1_file.txt
    resources: tmpdir=/var/folders/q3/5zmml3z16g93bd3gdlq6bftm0000gp/T
[Thu Jul 17 12:30:01 2025]
Finished jobid: 1 (Rule: touch)
1 of 3 steps (33%) done
Select jobs to execute...
Execute 1 jobs...
[Thu Jul 17 12:30:01 2025]
localrule mkdir:
    output: s1_dir
    jobid: 2
    reason: Missing output files: s1_dir
    resources: tmpdir=/var/folders/q3/5zmml3z16g93bd3gdlq6bftm0000gp/T
[Thu Jul 17 12:30:01 2025]
Finished jobid: 2 (Rule: mkdir)
2 of 3 steps (67%) done
Select jobs to execute...
Execute 1 jobs...
[Thu Jul 17 12:30:01 2025]
localrule all:
    input: s1_file.txt, s1_dir
    jobid: 0
    reason: Input files updated by another job: s1_file.txt, s1_dir
    resources: tmpdir=/var/folders/q3/5zmml3z16g93bd3gdlq6bftm0000gp/T
[Thu Jul 17 12:30:01 2025]
Finished jobid: 0 (Rule: all)
3 of 3 steps (100%) done
Complete log(s): /Users/russell/Code/snakehive/russell/.snakemake/log/2025-07-17T123001.442791.snakemake.log
