Assuming unrestricted shared filesystem usage.
None
host: CARLOSs-MacBook-Pro.local
Building DAG of jobs...
Using shell: /bin/bash
Provided cores: 4
Rules claiming more threads will be scaled down.
Job stats:
job              count
-------------  -------
all                  1
python_sorted        1
total                2

Select jobs to execute...
Execute 1 jobs...
[Thu Jul 17 15:24:14 2025]
localrule python_sorted:
    output: s3_presorted.txt
    jobid: 1
    reason: Missing output files: s3_presorted.txt
    resources: tmpdir=/var/folders/q3/5zmml3z16g93bd3gdlq6bftm0000gp/T
[Thu Jul 17 15:24:16 2025]
Finished jobid: 1 (Rule: python_sorted)
1 of 2 steps (50%) done
Select jobs to execute...
Execute 1 jobs...
[Thu Jul 17 15:24:16 2025]
localrule all:
    input: s3_presorted.txt
    jobid: 0
    reason: Input files updated by another job: s3_presorted.txt
    resources: tmpdir=/var/folders/q3/5zmml3z16g93bd3gdlq6bftm0000gp/T
[Thu Jul 17 15:24:16 2025]
Finished jobid: 0 (Rule: all)
2 of 2 steps (100%) done
Complete log(s): /Users/russell/Code/snakehive/russell/.snakemake/log/2025-07-17T152414.571846.snakemake.log
