Assuming unrestricted shared filesystem usage.
None
host: CARLOSs-MacBook-Pro.local
Building DAG of jobs...
Using shell: /bin/bash
Provided cores: 1 (use --cores to define parallelism)
Rules claiming more threads will be scaled down.
Conda environments: ignored
Job stats:
job         count
--------  -------
mk_input        1
total           1

Select jobs to execute...
Execute 1 jobs...
[Mon Aug  4 02:47:34 2025]
localrule mk_input:
    output: resources/01_input.sam
    log: workflow/logs/mk_input.stdout, workflow/logs/mk_input.stderr
    jobid: 0
    reason: Missing output files: resources/01_input.sam
    resources: tmpdir=/var/folders/q3/5zmml3z16g93bd3gdlq6bftm0000gp/T
RuleException:
CalledProcessError in file "/Users/russell/Code/snakehive/russell/01_example/workflow/rules/mk_input.smk", line 10:
Command 'set -euo pipefail;  /Users/russell/.local/share/mamba/envs/snakemake_env/bin/time -v python3 ../script/mk_input.py' returned non-zero exit status 2.
[Mon Aug  4 02:47:34 2025]
Error in rule mk_input:
    message: None
    jobid: 0
    output: resources/01_input.sam
    log: workflow/logs/mk_input.stdout, workflow/logs/mk_input.stderr (check log file(s) for error details)
    shell:
        /Users/russell/.local/share/mamba/envs/snakemake_env/bin/time -v python3 ../script/mk_input.py
        (command exited with non-zero exit code)
Shutting down, this might take some time.
Exiting because a job execution failed. Look below for error messages
[Mon Aug  4 02:47:34 2025]
Error in rule mk_input:
    message: None
    jobid: 0
    output: resources/01_input.sam
    log: workflow/logs/mk_input.stdout, workflow/logs/mk_input.stderr (check log file(s) for error details)
    shell:
        /Users/russell/.local/share/mamba/envs/snakemake_env/bin/time -v python3 ../script/mk_input.py
        (command exited with non-zero exit code)
Complete log(s): /Users/russell/Code/snakehive/russell/01_example/workflow/rules/.snakemake/log/2025-08-04T024734.023389.snakemake.log
WorkflowError:
At least one job did not complete successfully.
